# JRE version: Java(TM) SE Runtime Environment (8.0_144-b01) (build 1.8.0_144-b01)
# Java VM: Java HotSpot(TM) Client VM (25.144-b01 mixed mode windows-x86 )
Heap:
 def new generation   total 39424K, used 8254K [0x04e00000, 0x078c0000, 0x0f8a0000)
  eden space 35072K,  20% used [0x04e00000, 0x054e2330, 0x07040000)
  from space 4352K,  27% used [0x07480000, 0x075ad7e0, 0x078c0000)
  to   space 4352K,   0% used [0x07040000, 0x07040000, 0x07480000)
 tenured generation   total 87424K, used 54868K [0x0f8a0000, 0x14e00000, 0x24e00000)
   the space 87424K,  62% used [0x0f8a0000, 0x12e35380, 0x12e35400, 0x14e00000)
 Metaspace       used 19780K, capacity 20292K, committed 20352K, reserved 20864K
GC Heap History (10 events):
Event: 7668.200 GC heap before
{Heap before GC invocations=13 (full 1):
 def new generation   total 39424K, used 37086K [0x04e00000, 0x078c0000, 0x0f8a0000)
  eden space 35072K, 100% used [0x04e00000, 0x07040000, 0x07040000)
  from space 4352K,  46% used [0x07040000, 0x07237aa8, 0x07480000)
  to   space 4352K,   0% used [0x07480000, 0x07480000, 0x078c0000)
 tenured generation   total 87424K, used 54868K [0x0f8a0000, 0x14e00000, 0x24e00000)
   the space 87424K,  62% used [0x0f8a0000, 0x12e35380, 0x12e35400, 0x14e00000)
 Metaspace       used 19775K, capacity 20292K, committed 20352K, reserved 20864K
Event: 7668.205 GC heap after
Heap after GC invocations=14 (full 1):
 def new generation   total 39424K, used 2081K [0x04e00000, 0x078c0000, 0x0f8a0000)
  eden space 35072K,   0% used [0x04e00000, 0x04e00000, 0x07040000)
  from space 4352K,  47% used [0x07480000, 0x07688448, 0x078c0000)
  to   space 4352K,   0% used [0x07040000, 0x07040000, 0x07480000)
 tenured generation   total 87424K, used 54868K [0x0f8a0000, 0x14e00000, 0x24e00000)
   the space 87424K,  62% used [0x0f8a0000, 0x12e35380, 0x12e35400, 0x14e00000)
 Metaspace       used 19775K, capacity 20292K, committed 20352K, reserved 20864K
}
Event: 14792.056 GC heap before
{Heap before GC invocations=14 (full 1):
 def new generation   total 39424K, used 37153K [0x04e00000, 0x078c0000, 0x0f8a0000)
  eden space 35072K, 100% used [0x04e00000, 0x07040000, 0x07040000)
  from space 4352K,  47% used [0x07480000, 0x07688448, 0x078c0000)
  to   space 4352K,   0% used [0x07040000, 0x07040000, 0x07480000)
 tenured generation   total 87424K, used 54868K [0x0f8a0000, 0x14e00000, 0x24e00000)
   the space 87424K,  62% used [0x0f8a0000, 0x12e35380, 0x12e35400, 0x14e00000)
 Metaspace       used 19775K, capacity 20292K, committed 20352K, reserved 20864K
Event: 14792.060 GC heap after
Heap after GC invocations=15 (full 1):
 def new generation   total 39424K, used 1206K [0x04e00000, 0x078c0000, 0x0f8a0000)
  eden space 35072K,   0% used [0x04e00000, 0x04e00000, 0x07040000)
  from space 4352K,  27% used [0x07040000, 0x0716d948, 0x07480000)
  to   space 4352K,   0% used [0x07480000, 0x07480000, 0x078c0000)
 tenured generation   total 87424K, used 54868K [0x0f8a0000, 0x14e00000, 0x24e00000)
   the space 87424K,  62% used [0x0f8a0000, 0x12e35380, 0x12e35400, 0x14e00000)
 Metaspace       used 19775K, capacity 20292K, committed 20352K, reserved 20864K
}
Event: 20263.142 GC heap before
{Heap before GC invocations=15 (full 1):
 def new generation   total 39424K, used 36278K [0x04e00000, 0x078c0000, 0x0f8a0000)
  eden space 35072K, 100% used [0x04e00000, 0x07040000, 0x07040000)
  from space 4352K,  27% used [0x07040000, 0x0716d948, 0x07480000)
  to   space 4352K,   0% used [0x07480000, 0x07480000, 0x078c0000)
 tenured generation   total 87424K, used 54868K [0x0f8a0000, 0x14e00000, 0x24e00000)
   the space 87424K,  62% used [0x0f8a0000, 0x12e35380, 0x12e35400, 0x14e00000)
 Metaspace       used 19775K, capacity 20292K, committed 20352K, reserved 20864K
Event: 20263.146 GC heap after
Heap after GC invocations=16 (full 1):
 def new generation   total 39424K, used 1207K [0x04e00000, 0x078c0000, 0x0f8a0000)
  eden space 35072K,   0% used [0x04e00000, 0x04e00000, 0x07040000)
  from space 4352K,  27% used [0x07480000, 0x075adf10, 0x078c0000)
  to   space 4352K,   0% used [0x07040000, 0x07040000, 0x07480000)
 tenured generation   total 87424K, used 54868K [0x0f8a0000, 0x14e00000, 0x24e00000)
   the space 87424K,  62% used [0x0f8a0000, 0x12e35380, 0x12e35400, 0x14e00000)
 Metaspace       used 19775K, capacity 20292K, committed 20352K, reserved 20864K
}
Event: 26218.981 GC heap before
{Heap before GC invocations=16 (full 1):
 def new generation   total 39424K, used 36279K [0x04e00000, 0x078c0000, 0x0f8a0000)
  eden space 35072K, 100% used [0x04e00000, 0x07040000, 0x07040000)
  from space 4352K,  27% used [0x07480000, 0x075adf10, 0x078c0000)
  to   space 4352K,   0% used [0x07040000, 0x07040000, 0x07480000)
 tenured generation   total 87424K, used 54868K [0x0f8a0000, 0x14e00000, 0x24e00000)
   the space 87424K,  62% used [0x0f8a0000, 0x12e35380, 0x12e35400, 0x14e00000)
 Metaspace       used 19775K, capacity 20292K, committed 20352K, reserved 20864K
Event: 26218.985 GC heap after
Heap after GC invocations=17 (full 1):
 def new generation   total 39424K, used 1212K [0x04e00000, 0x078c0000, 0x0f8a0000)
  eden space 35072K,   0% used [0x04e00000, 0x04e00000, 0x07040000)
  from space 4352K,  27% used [0x07040000, 0x0716f1d8, 0x07480000)
  to   space 4352K,   0% used [0x07480000, 0x07480000, 0x078c0000)
 tenured generation   total 87424K, used 54868K [0x0f8a0000, 0x14e00000, 0x24e00000)
   the space 87424K,  62% used [0x0f8a0000, 0x12e35380, 0x12e35400, 0x14e00000)
 Metaspace       used 19775K, capacity 20292K, committed 20352K, reserved 20864K
}
Event: 31373.159 GC heap before
{Heap before GC invocations=17 (full 1):
 def new generation   total 39424K, used 36284K [0x04e00000, 0x078c0000, 0x0f8a0000)
  eden space 35072K, 100% used [0x04e00000, 0x07040000, 0x07040000)
  from space 4352K,  27% used [0x07040000, 0x0716f1d8, 0x07480000)
  to   space 4352K,   0% used [0x07480000, 0x07480000, 0x078c0000)
 tenured generation   total 87424K, used 54868K [0x0f8a0000, 0x14e00000, 0x24e00000)
   the space 87424K,  62% used [0x0f8a0000, 0x12e35380, 0x12e35400, 0x14e00000)
 Metaspace       used 19775K, capacity 20292K, committed 20352K, reserved 20864K
Event: 31373.163 GC heap after
Heap after GC invocations=18 (full 1):
 def new generation   total 39424K, used 1205K [0x04e00000, 0x078c0000, 0x0f8a0000)
  eden space 35072K,   0% used [0x04e00000, 0x04e00000, 0x07040000)
  from space 4352K,  27% used [0x07480000, 0x075ad7e0, 0x078c0000)
  to   space 4352K,   0% used [0x07040000, 0x07040000, 0x07480000)
 tenured generation   total 87424K, used 54868K [0x0f8a0000, 0x14e00000, 0x24e00000)
   the space 87424K,  62% used [0x0f8a0000, 0x12e35380, 0x12e35400, 0x14e00000)
 Metaspace       used 19775K, capacity 20292K, committed 20352K, reserved 20864K
}

